<?xml version="1.0" encoding="UTF-8"?>
<!-- Generated by org.testng.reporters.JUnitXMLReporter -->
<testsuite ignored="0" hostname="JP" failures="0" tests="6" name="Test" time="0.313" errors="0" timestamp="2022-01-06T21:47:06 IST">
  <testcase classname="QA.MAVEN.apiumTest" name="apiumtest1" time="0.034"/>
  <testcase classname="QA.MAVEN.apiumTest" name="apiumtest2" time="0.001"/>
  <testcase classname="QA.MAVEN.seleniumTest" name="seleniumtest1" time="0.002"/>
  <testcase classname="QA.MAVEN.seleniumTest" name="seleniumtest2" time="0.004"/>
  <testcase classname="QA.MAVEN.restapiTest" name="restapitest1" time="0.001"/>
  <testcase classname="QA.MAVEN.restapiTest" name="restapitest2" time="0.001"/>
</testsuite> <!-- Test -->
